{
  "0 debug pnpm:scope": {
    "selected": 1
  },
  "1 info pnpm": {
    "err": {
      "name": "Error",
      "message": "not found: dev",
      "code": "ENOENT",
      "stack": "Error: not found: dev\n    at getNotFoundError (C:\\Users\\admin\\AppData\\Roaming\\npm\\node_modules\\pnpm\\dist\\pnpm.cjs:21148:51)\n    at Function.whichSync [as sync] (C:\\Users\\admin\\AppData\\Roaming\\npm\\node_modules\\pnpm\\dist\\pnpm.cjs:21225:13)\n    at getCommandAbsolutePathSync (C:\\Users\\admin\\AppData\\Roaming\\npm\\node_modules\\pnpm\\dist\\pnpm.cjs:22903:44)\n    at default_1 (C:\\Users\\admin\\AppData\\Roaming\\npm\\node_modules\\pnpm\\dist\\pnpm.cjs:22912:32)\n    at C:\\Users\\admin\\AppData\\Roaming\\npm\\node_modules\\pnpm\\dist\\pnpm.cjs:184699:39"
    }
  },
  "2 error pnpm": {
    "code": "ERR_PNPM_RECURSIVE_EXEC_FIRST_FAIL",
    "prefix": "C:\\Users\\admin\\Desktop\\app-cla-webui",
    "err": {
      "name": "pnpm",
      "message": "not found: dev",
      "code": "ERR_PNPM_RECURSIVE_EXEC_FIRST_FAIL",
      "stack": "Error: not found: dev\n    at getNotFoundError (C:\\Users\\admin\\AppData\\Roaming\\npm\\node_modules\\pnpm\\dist\\pnpm.cjs:21148:51)\n    at Function.whichSync [as sync] (C:\\Users\\admin\\AppData\\Roaming\\npm\\node_modules\\pnpm\\dist\\pnpm.cjs:21225:13)\n    at getCommandAbsolutePathSync (C:\\Users\\admin\\AppData\\Roaming\\npm\\node_modules\\pnpm\\dist\\pnpm.cjs:22903:44)\n    at default_1 (C:\\Users\\admin\\AppData\\Roaming\\npm\\node_modules\\pnpm\\dist\\pnpm.cjs:22912:32)\n    at C:\\Users\\admin\\AppData\\Roaming\\npm\\node_modules\\pnpm\\dist\\pnpm.cjs:184699:39"
    }
  }
}